08-Jun-2025 02:15:57.584 INFO [main] org.apache.catalina.startup.VersionLoggerListener.log Server version name:   Apache Tomcat/10.1.41
08-Jun-2025 02:15:57.588 INFO [main] org.apache.catalina.startup.VersionLoggerListener.log Server built:          May 8 2025 12:44:02 UTC
08-Jun-2025 02:15:57.589 INFO [main] org.apache.catalina.startup.VersionLoggerListener.log Server version number: 10.1.41.0
08-Jun-2025 02:15:57.589 INFO [main] org.apache.catalina.startup.VersionLoggerListener.log OS Name:               Windows 11
08-Jun-2025 02:15:57.589 INFO [main] org.apache.catalina.startup.VersionLoggerListener.log OS Version:            10.0
08-Jun-2025 02:15:57.589 INFO [main] org.apache.catalina.startup.VersionLoggerListener.log Architecture:          amd64
08-Jun-2025 02:15:57.589 INFO [main] org.apache.catalina.startup.VersionLoggerListener.log Java Home:             C:\Program Files\Java\jdk-23
08-Jun-2025 02:15:57.589 INFO [main] org.apache.catalina.startup.VersionLoggerListener.log JVM Version:           23+37-2369
08-Jun-2025 02:15:57.589 INFO [main] org.apache.catalina.startup.VersionLoggerListener.log JVM Vendor:            Oracle Corporation
08-Jun-2025 02:15:57.589 INFO [main] org.apache.catalina.startup.VersionLoggerListener.log CATALINA_BASE:         C:\Users\yasir\Downloads\IMS-185 (2) (1)\ESportsBetting
08-Jun-2025 02:15:57.589 INFO [main] org.apache.catalina.startup.VersionLoggerListener.log CATALINA_HOME:         C:\apache-tomcat-10.1.41-windows-x64\apache-tomcat-10.1.41
08-Jun-2025 02:15:57.600 INFO [main] org.apache.catalina.startup.VersionLoggerListener.log Command line argument: --add-opens=java.base/java.lang=ALL-UNNAMED
08-Jun-2025 02:15:57.600 INFO [main] org.apache.catalina.startup.VersionLoggerListener.log Command line argument: --add-opens=java.base/java.io=ALL-UNNAMED
08-Jun-2025 02:15:57.601 INFO [main] org.apache.catalina.startup.VersionLoggerListener.log Command line argument: --add-opens=java.base/java.util=ALL-UNNAMED
08-Jun-2025 02:15:57.601 INFO [main] org.apache.catalina.startup.VersionLoggerListener.log Command line argument: --add-opens=java.base/java.util.concurrent=ALL-UNNAMED
08-Jun-2025 02:15:57.601 INFO [main] org.apache.catalina.startup.VersionLoggerListener.log Command line argument: --add-opens=java.rmi/sun.rmi.transport=ALL-UNNAMED
08-Jun-2025 02:15:57.601 INFO [main] org.apache.catalina.startup.VersionLoggerListener.log Command line argument: -Dcatalina.home=C:\apache-tomcat-10.1.41-windows-x64\apache-tomcat-10.1.41
08-Jun-2025 02:15:57.601 INFO [main] org.apache.catalina.startup.VersionLoggerListener.log Command line argument: -Dcatalina.base=C:\Users\yasir\Downloads\IMS-185 (2) (1)\ESportsBetting
08-Jun-2025 02:15:57.601 INFO [main] org.apache.catalina.startup.VersionLoggerListener.log Command line argument: -Djava.io.tmpdir=C:\Users\yasir\Downloads\IMS-185 (2) (1)\ESportsBetting\temp
08-Jun-2025 02:15:57.601 INFO [main] org.apache.catalina.startup.VersionLoggerListener.log Command line argument: -Djava.util.logging.config.file=C:\Users\yasir\Downloads\IMS-185 (2) (1)\ESportsBetting\conf\logging.properties
08-Jun-2025 02:15:57.602 INFO [main] org.apache.catalina.startup.VersionLoggerListener.log Command line argument: -Djava.util.logging.manager=org.apache.juli.ClassLoaderLogManager
08-Jun-2025 02:15:57.602 INFO [main] org.apache.catalina.startup.VersionLoggerListener.log Command line argument: -javaagent:C:\Program Files\JetBrains\IntelliJ IDEA Community Edition 2024.3.3\lib\idea_rt.jar=49245:C:\Program Files\JetBrains\IntelliJ IDEA Community Edition 2024.3.3\bin
08-Jun-2025 02:15:57.602 INFO [main] org.apache.catalina.startup.VersionLoggerListener.log Command line argument: -Dfile.encoding=UTF-8
08-Jun-2025 02:15:57.602 INFO [main] org.apache.catalina.startup.VersionLoggerListener.log Command line argument: -Dsun.stdout.encoding=UTF-8
08-Jun-2025 02:15:57.602 INFO [main] org.apache.catalina.startup.VersionLoggerListener.log Command line argument: -Dsun.stderr.encoding=UTF-8
08-Jun-2025 02:15:58.067 INFO [main] org.apache.catalina.core.AprLifecycleListener.lifecycleEvent Loaded Apache Tomcat Native library [2.0.8] using APR version [1.7.4].
08-Jun-2025 02:15:58.086 INFO [main] org.apache.catalina.core.AprLifecycleListener.initializeSSL OpenSSL successfully initialized [OpenSSL 3.0.14 4 Jun 2024]
08-Jun-2025 02:15:58.375 INFO [main] org.apache.coyote.AbstractProtocol.init Initializing ProtocolHandler ["http-nio-8080"]
08-Jun-2025 02:15:58.389 INFO [main] org.apache.catalina.startup.Catalina.load Server initialization in [1010] milliseconds
08-Jun-2025 02:15:58.439 INFO [main] org.apache.catalina.core.StandardService.startInternal Starting service [Catalina]
08-Jun-2025 02:15:58.439 INFO [main] org.apache.catalina.core.StandardEngine.startInternal Starting Servlet engine: [Apache Tomcat/10.1.41]
08-Jun-2025 02:15:58.455 INFO [main] org.apache.catalina.startup.HostConfig.deployDescriptor Deploying deployment descriptor [C:\Users\yasir\Downloads\IMS-185 (2) (1)\ESportsBetting\conf\Catalina\localhost\ESportsBetting.xml]
08-Jun-2025 02:16:00.331 INFO [main] org.apache.jasper.servlet.TldScanner.scanJars At least one JAR was scanned for TLDs yet contained no TLDs. Enable debug logging for this logger for a complete list of JARs that were scanned but no TLDs were found in them. Skipping unneeded JARs during scanning can improve startup time and JSP compilation time.
08-Jun-2025 02:16:00.382 INFO [main] lk.esports.betting.web.filter.AuthFilter.init AuthFilter initialized
08-Jun-2025 02:16:00.404 INFO [main] org.apache.catalina.startup.HostConfig.deployDescriptor Deployment of deployment descriptor [C:\Users\yasir\Downloads\IMS-185 (2) (1)\ESportsBetting\conf\Catalina\localhost\ESportsBetting.xml] has finished in [1,949] ms
08-Jun-2025 02:16:00.408 INFO [main] org.apache.coyote.AbstractProtocol.start Starting ProtocolHandler ["http-nio-8080"]
08-Jun-2025 02:16:00.428 INFO [main] org.apache.catalina.startup.Catalina.start Server startup in [2037] milliseconds
08-Jun-2025 02:18:42.697 INFO [Thread-1] org.apache.coyote.AbstractProtocol.pause Pausing ProtocolHandler ["http-nio-8080"]
08-Jun-2025 02:18:42.728 INFO [Thread-1] org.apache.catalina.core.StandardService.stopInternal Stopping service [Catalina]
08-Jun-2025 02:18:42.750 INFO [Thread-1] lk.esports.betting.web.filter.AuthFilter.destroy AuthFilter destroyed
08-Jun-2025 02:18:42.801 INFO [Thread-1] org.apache.coyote.AbstractProtocol.stop Stopping ProtocolHandler ["http-nio-8080"]
08-Jun-2025 02:18:42.820 INFO [Thread-1] org.apache.coyote.AbstractProtocol.destroy Destroying ProtocolHandler ["http-nio-8080"]
08-Jun-2025 02:18:45.173 INFO [main] org.apache.catalina.startup.VersionLoggerListener.log Server version name:   Apache Tomcat/10.1.41
08-Jun-2025 02:18:45.179 INFO [main] org.apache.catalina.startup.VersionLoggerListener.log Server built:          May 8 2025 12:44:02 UTC
08-Jun-2025 02:18:45.179 INFO [main] org.apache.catalina.startup.VersionLoggerListener.log Server version number: 10.1.41.0
08-Jun-2025 02:18:45.180 INFO [main] org.apache.catalina.startup.VersionLoggerListener.log OS Name:               Windows 11
08-Jun-2025 02:18:45.180 INFO [main] org.apache.catalina.startup.VersionLoggerListener.log OS Version:            10.0
08-Jun-2025 02:18:45.180 INFO [main] org.apache.catalina.startup.VersionLoggerListener.log Architecture:          amd64
08-Jun-2025 02:18:45.180 INFO [main] org.apache.catalina.startup.VersionLoggerListener.log Java Home:             C:\Program Files\Java\jdk-23
08-Jun-2025 02:18:45.180 INFO [main] org.apache.catalina.startup.VersionLoggerListener.log JVM Version:           23+37-2369
08-Jun-2025 02:18:45.180 INFO [main] org.apache.catalina.startup.VersionLoggerListener.log JVM Vendor:            Oracle Corporation
08-Jun-2025 02:18:45.180 INFO [main] org.apache.catalina.startup.VersionLoggerListener.log CATALINA_BASE:         C:\Users\yasir\Downloads\IMS-185 (2) (1)\ESportsBetting
08-Jun-2025 02:18:45.181 INFO [main] org.apache.catalina.startup.VersionLoggerListener.log CATALINA_HOME:         C:\apache-tomcat-10.1.41-windows-x64\apache-tomcat-10.1.41
08-Jun-2025 02:18:45.195 INFO [main] org.apache.catalina.startup.VersionLoggerListener.log Command line argument: --add-opens=java.base/java.lang=ALL-UNNAMED
08-Jun-2025 02:18:45.196 INFO [main] org.apache.catalina.startup.VersionLoggerListener.log Command line argument: --add-opens=java.base/java.io=ALL-UNNAMED
08-Jun-2025 02:18:45.196 INFO [main] org.apache.catalina.startup.VersionLoggerListener.log Command line argument: --add-opens=java.base/java.util=ALL-UNNAMED
08-Jun-2025 02:18:45.196 INFO [main] org.apache.catalina.startup.VersionLoggerListener.log Command line argument: --add-opens=java.base/java.util.concurrent=ALL-UNNAMED
08-Jun-2025 02:18:45.196 INFO [main] org.apache.catalina.startup.VersionLoggerListener.log Command line argument: --add-opens=java.rmi/sun.rmi.transport=ALL-UNNAMED
08-Jun-2025 02:18:45.196 INFO [main] org.apache.catalina.startup.VersionLoggerListener.log Command line argument: -Dcatalina.home=C:\apache-tomcat-10.1.41-windows-x64\apache-tomcat-10.1.41
08-Jun-2025 02:18:45.196 INFO [main] org.apache.catalina.startup.VersionLoggerListener.log Command line argument: -Dcatalina.base=C:\Users\yasir\Downloads\IMS-185 (2) (1)\ESportsBetting
08-Jun-2025 02:18:45.197 INFO [main] org.apache.catalina.startup.VersionLoggerListener.log Command line argument: -Djava.io.tmpdir=C:\Users\yasir\Downloads\IMS-185 (2) (1)\ESportsBetting\temp
08-Jun-2025 02:18:45.197 INFO [main] org.apache.catalina.startup.VersionLoggerListener.log Command line argument: -Djava.util.logging.config.file=C:\Users\yasir\Downloads\IMS-185 (2) (1)\ESportsBetting\conf\logging.properties
08-Jun-2025 02:18:45.197 INFO [main] org.apache.catalina.startup.VersionLoggerListener.log Command line argument: -Djava.util.logging.manager=org.apache.juli.ClassLoaderLogManager
08-Jun-2025 02:18:45.197 INFO [main] org.apache.catalina.startup.VersionLoggerListener.log Command line argument: -javaagent:C:\Program Files\JetBrains\IntelliJ IDEA Community Edition 2024.3.3\lib\idea_rt.jar=49401:C:\Program Files\JetBrains\IntelliJ IDEA Community Edition 2024.3.3\bin
08-Jun-2025 02:18:45.197 INFO [main] org.apache.catalina.startup.VersionLoggerListener.log Command line argument: -Dfile.encoding=UTF-8
08-Jun-2025 02:18:45.197 INFO [main] org.apache.catalina.startup.VersionLoggerListener.log Command line argument: -Dsun.stdout.encoding=UTF-8
08-Jun-2025 02:18:45.197 INFO [main] org.apache.catalina.startup.VersionLoggerListener.log Command line argument: -Dsun.stderr.encoding=UTF-8
08-Jun-2025 02:18:45.201 INFO [main] org.apache.catalina.core.AprLifecycleListener.lifecycleEvent Loaded Apache Tomcat Native library [2.0.8] using APR version [1.7.4].
08-Jun-2025 02:18:45.214 INFO [main] org.apache.catalina.core.AprLifecycleListener.initializeSSL OpenSSL successfully initialized [OpenSSL 3.0.14 4 Jun 2024]
08-Jun-2025 02:18:45.772 INFO [main] org.apache.coyote.AbstractProtocol.init Initializing ProtocolHandler ["http-nio-8080"]
08-Jun-2025 02:18:45.804 INFO [main] org.apache.catalina.startup.Catalina.load Server initialization in [914] milliseconds
08-Jun-2025 02:18:45.881 INFO [main] org.apache.catalina.core.StandardService.startInternal Starting service [Catalina]
08-Jun-2025 02:18:45.881 INFO [main] org.apache.catalina.core.StandardEngine.startInternal Starting Servlet engine: [Apache Tomcat/10.1.41]
08-Jun-2025 02:18:45.891 INFO [main] org.apache.catalina.startup.HostConfig.deployDescriptor Deploying deployment descriptor [C:\Users\yasir\Downloads\IMS-185 (2) (1)\ESportsBetting\conf\Catalina\localhost\ESportsBetting.xml]
08-Jun-2025 02:18:48.118 INFO [main] org.apache.jasper.servlet.TldScanner.scanJars At least one JAR was scanned for TLDs yet contained no TLDs. Enable debug logging for this logger for a complete list of JARs that were scanned but no TLDs were found in them. Skipping unneeded JARs during scanning can improve startup time and JSP compilation time.
08-Jun-2025 02:18:48.184 INFO [main] lk.esports.betting.web.filter.AuthFilter.init AuthFilter initialized
08-Jun-2025 02:18:48.208 INFO [main] org.apache.catalina.startup.HostConfig.deployDescriptor Deployment of deployment descriptor [C:\Users\yasir\Downloads\IMS-185 (2) (1)\ESportsBetting\conf\Catalina\localhost\ESportsBetting.xml] has finished in [2,316] ms
08-Jun-2025 02:18:48.212 INFO [main] org.apache.coyote.AbstractProtocol.start Starting ProtocolHandler ["http-nio-8080"]
08-Jun-2025 02:18:48.240 INFO [main] org.apache.catalina.startup.Catalina.start Server startup in [2435] milliseconds
08-Jun-2025 02:19:23.275 SEVERE [http-nio-8080-exec-10] lk.esports.betting.web.servlet.MatchServlet.doGet Error in MatchServlet GET
	java.lang.NullPointerException: Cannot invoke "lk.esports.betting.ejb.local.MatchService.getUpcomingMatches()" because "this.matchService" is null
		at lk.esports.betting.web.servlet.MatchServlet.handleGetUpcomingMatches(MatchServlet.java:117)
		at lk.esports.betting.web.servlet.MatchServlet.doGet(MatchServlet.java:52)
		at jakarta.servlet.http.HttpServlet.service(HttpServlet.java:564)
		at jakarta.servlet.http.HttpServlet.service(HttpServlet.java:658)
		at org.apache.catalina.core.ApplicationFilterChain.internalDoFilter(ApplicationFilterChain.java:195)
		at org.apache.catalina.core.ApplicationFilterChain.doFilter(ApplicationFilterChain.java:140)
		at org.apache.tomcat.websocket.server.WsFilter.doFilter(WsFilter.java:51)
		at org.apache.catalina.core.ApplicationFilterChain.internalDoFilter(ApplicationFilterChain.java:164)
		at org.apache.catalina.core.ApplicationFilterChain.doFilter(ApplicationFilterChain.java:140)
		at org.apache.catalina.core.StandardWrapperValve.invoke(StandardWrapperValve.java:167)
		at org.apache.catalina.core.StandardContextValve.invoke(StandardContextValve.java:90)
		at org.apache.catalina.authenticator.AuthenticatorBase.invoke(AuthenticatorBase.java:483)
		at org.apache.catalina.core.StandardHostValve.invoke(StandardHostValve.java:116)
		at org.apache.catalina.valves.ErrorReportValve.invoke(ErrorReportValve.java:93)
		at org.apache.catalina.valves.AbstractAccessLogValve.invoke(AbstractAccessLogValve.java:666)
		at org.apache.catalina.core.StandardEngineValve.invoke(StandardEngineValve.java:74)
		at org.apache.catalina.connector.CoyoteAdapter.service(CoyoteAdapter.java:344)
		at org.apache.coyote.http11.Http11Processor.service(Http11Processor.java:398)
		at org.apache.coyote.AbstractProcessorLight.process(AbstractProcessorLight.java:63)
		at org.apache.coyote.AbstractProtocol$ConnectionHandler.process(AbstractProtocol.java:903)
		at org.apache.tomcat.util.net.NioEndpoint$SocketProcessor.doRun(NioEndpoint.java:1740)
		at org.apache.tomcat.util.net.SocketProcessorBase.run(SocketProcessorBase.java:52)
		at org.apache.tomcat.util.threads.ThreadPoolExecutor.runWorker(ThreadPoolExecutor.java:1189)
		at org.apache.tomcat.util.threads.ThreadPoolExecutor$Worker.run(ThreadPoolExecutor.java:658)
		at org.apache.tomcat.util.threads.TaskThread$WrappingRunnable.run(TaskThread.java:63)
		at java.base/java.lang.Thread.run(Thread.java:1575)
08-Jun-2025 02:22:01.730 INFO [Thread-1] org.apache.coyote.AbstractProtocol.pause Pausing ProtocolHandler ["http-nio-8080"]
08-Jun-2025 02:22:01.742 INFO [Thread-1] org.apache.catalina.core.StandardService.stopInternal Stopping service [Catalina]
08-Jun-2025 02:22:01.749 INFO [Thread-1] lk.esports.betting.web.filter.AuthFilter.destroy AuthFilter destroyed
08-Jun-2025 02:22:01.791 INFO [Thread-1] org.apache.coyote.AbstractProtocol.stop Stopping ProtocolHandler ["http-nio-8080"]
08-Jun-2025 02:22:01.798 INFO [Thread-1] org.apache.coyote.AbstractProtocol.destroy Destroying ProtocolHandler ["http-nio-8080"]
08-Jun-2025 02:22:03.853 INFO [main] org.apache.catalina.startup.VersionLoggerListener.log Server version name:   Apache Tomcat/10.1.41
08-Jun-2025 02:22:03.859 INFO [main] org.apache.catalina.startup.VersionLoggerListener.log Server built:          May 8 2025 12:44:02 UTC
08-Jun-2025 02:22:03.859 INFO [main] org.apache.catalina.startup.VersionLoggerListener.log Server version number: 10.1.41.0
08-Jun-2025 02:22:03.859 INFO [main] org.apache.catalina.startup.VersionLoggerListener.log OS Name:               Windows 11
08-Jun-2025 02:22:03.859 INFO [main] org.apache.catalina.startup.VersionLoggerListener.log OS Version:            10.0
08-Jun-2025 02:22:03.859 INFO [main] org.apache.catalina.startup.VersionLoggerListener.log Architecture:          amd64
08-Jun-2025 02:22:03.860 INFO [main] org.apache.catalina.startup.VersionLoggerListener.log Java Home:             C:\Program Files\Java\jdk-23
08-Jun-2025 02:22:03.860 INFO [main] org.apache.catalina.startup.VersionLoggerListener.log JVM Version:           23+37-2369
08-Jun-2025 02:22:03.860 INFO [main] org.apache.catalina.startup.VersionLoggerListener.log JVM Vendor:            Oracle Corporation
08-Jun-2025 02:22:03.860 INFO [main] org.apache.catalina.startup.VersionLoggerListener.log CATALINA_BASE:         C:\Users\yasir\Downloads\IMS-185 (2) (1)\ESportsBetting
08-Jun-2025 02:22:03.861 INFO [main] org.apache.catalina.startup.VersionLoggerListener.log CATALINA_HOME:         C:\apache-tomcat-10.1.41-windows-x64\apache-tomcat-10.1.41
08-Jun-2025 02:22:03.872 INFO [main] org.apache.catalina.startup.VersionLoggerListener.log Command line argument: --add-opens=java.base/java.lang=ALL-UNNAMED
08-Jun-2025 02:22:03.873 INFO [main] org.apache.catalina.startup.VersionLoggerListener.log Command line argument: --add-opens=java.base/java.io=ALL-UNNAMED
08-Jun-2025 02:22:03.873 INFO [main] org.apache.catalina.startup.VersionLoggerListener.log Command line argument: --add-opens=java.base/java.util=ALL-UNNAMED
08-Jun-2025 02:22:03.873 INFO [main] org.apache.catalina.startup.VersionLoggerListener.log Command line argument: --add-opens=java.base/java.util.concurrent=ALL-UNNAMED
08-Jun-2025 02:22:03.873 INFO [main] org.apache.catalina.startup.VersionLoggerListener.log Command line argument: --add-opens=java.rmi/sun.rmi.transport=ALL-UNNAMED
08-Jun-2025 02:22:03.873 INFO [main] org.apache.catalina.startup.VersionLoggerListener.log Command line argument: -Dcatalina.home=C:\apache-tomcat-10.1.41-windows-x64\apache-tomcat-10.1.41
08-Jun-2025 02:22:03.873 INFO [main] org.apache.catalina.startup.VersionLoggerListener.log Command line argument: -Dcatalina.base=C:\Users\yasir\Downloads\IMS-185 (2) (1)\ESportsBetting
08-Jun-2025 02:22:03.873 INFO [main] org.apache.catalina.startup.VersionLoggerListener.log Command line argument: -Djava.io.tmpdir=C:\Users\yasir\Downloads\IMS-185 (2) (1)\ESportsBetting\temp
08-Jun-2025 02:22:03.873 INFO [main] org.apache.catalina.startup.VersionLoggerListener.log Command line argument: -Djava.util.logging.config.file=C:\Users\yasir\Downloads\IMS-185 (2) (1)\ESportsBetting\conf\logging.properties
08-Jun-2025 02:22:03.873 INFO [main] org.apache.catalina.startup.VersionLoggerListener.log Command line argument: -Djava.util.logging.manager=org.apache.juli.ClassLoaderLogManager
08-Jun-2025 02:22:03.874 INFO [main] org.apache.catalina.startup.VersionLoggerListener.log Command line argument: -javaagent:C:\Program Files\JetBrains\IntelliJ IDEA Community Edition 2024.3.3\lib\idea_rt.jar=49777:C:\Program Files\JetBrains\IntelliJ IDEA Community Edition 2024.3.3\bin
08-Jun-2025 02:22:03.874 INFO [main] org.apache.catalina.startup.VersionLoggerListener.log Command line argument: -Dfile.encoding=UTF-8
08-Jun-2025 02:22:03.874 INFO [main] org.apache.catalina.startup.VersionLoggerListener.log Command line argument: -Dsun.stdout.encoding=UTF-8
08-Jun-2025 02:22:03.874 INFO [main] org.apache.catalina.startup.VersionLoggerListener.log Command line argument: -Dsun.stderr.encoding=UTF-8
08-Jun-2025 02:22:03.879 INFO [main] org.apache.catalina.core.AprLifecycleListener.lifecycleEvent Loaded Apache Tomcat Native library [2.0.8] using APR version [1.7.4].
08-Jun-2025 02:22:03.898 INFO [main] org.apache.catalina.core.AprLifecycleListener.initializeSSL OpenSSL successfully initialized [OpenSSL 3.0.14 4 Jun 2024]
08-Jun-2025 02:22:04.246 INFO [main] org.apache.coyote.AbstractProtocol.init Initializing ProtocolHandler ["http-nio-8080"]
08-Jun-2025 02:22:04.262 INFO [main] org.apache.catalina.startup.Catalina.load Server initialization in [638] milliseconds
08-Jun-2025 02:22:04.329 INFO [main] org.apache.catalina.core.StandardService.startInternal Starting service [Catalina]
08-Jun-2025 02:22:04.329 INFO [main] org.apache.catalina.core.StandardEngine.startInternal Starting Servlet engine: [Apache Tomcat/10.1.41]
08-Jun-2025 02:22:04.343 INFO [main] org.apache.catalina.startup.HostConfig.deployDescriptor Deploying deployment descriptor [C:\Users\yasir\Downloads\IMS-185 (2) (1)\ESportsBetting\conf\Catalina\localhost\ESportsBetting.xml]
08-Jun-2025 02:22:06.171 INFO [main] java.util.ArrayList.forEach Name = esportsDB Ignoring unknown property: value of "Database Connection" for "description" property
08-Jun-2025 02:22:06.268 INFO [main] org.apache.jasper.servlet.TldScanner.scanJars At least one JAR was scanned for TLDs yet contained no TLDs. Enable debug logging for this logger for a complete list of JARs that were scanned but no TLDs were found in them. Skipping unneeded JARs during scanning can improve startup time and JSP compilation time.
08-Jun-2025 02:22:06.322 INFO [main] lk.esports.betting.web.filter.AuthFilter.init AuthFilter initialized
08-Jun-2025 02:22:06.344 INFO [main] org.apache.catalina.startup.HostConfig.deployDescriptor Deployment of deployment descriptor [C:\Users\yasir\Downloads\IMS-185 (2) (1)\ESportsBetting\conf\Catalina\localhost\ESportsBetting.xml] has finished in [2,001] ms
08-Jun-2025 02:22:06.347 INFO [main] org.apache.coyote.AbstractProtocol.start Starting ProtocolHandler ["http-nio-8080"]
08-Jun-2025 02:22:06.368 INFO [main] org.apache.catalina.startup.Catalina.start Server startup in [2104] milliseconds
08-Jun-2025 02:25:05.397 INFO [Thread-1] org.apache.coyote.AbstractProtocol.pause Pausing ProtocolHandler ["http-nio-8080"]
08-Jun-2025 02:25:05.413 INFO [Thread-1] org.apache.catalina.core.StandardService.stopInternal Stopping service [Catalina]
08-Jun-2025 02:25:05.439 INFO [Thread-1] lk.esports.betting.web.filter.AuthFilter.destroy AuthFilter destroyed
08-Jun-2025 02:25:05.502 INFO [Thread-1] org.apache.coyote.AbstractProtocol.stop Stopping ProtocolHandler ["http-nio-8080"]
08-Jun-2025 02:25:05.524 INFO [Thread-1] org.apache.coyote.AbstractProtocol.destroy Destroying ProtocolHandler ["http-nio-8080"]
08-Jun-2025 02:25:10.443 INFO [main] org.apache.catalina.startup.VersionLoggerListener.log Server version name:   Apache Tomcat/10.1.41
08-Jun-2025 02:25:10.448 INFO [main] org.apache.catalina.startup.VersionLoggerListener.log Server built:          May 8 2025 12:44:02 UTC
08-Jun-2025 02:25:10.448 INFO [main] org.apache.catalina.startup.VersionLoggerListener.log Server version number: 10.1.41.0
08-Jun-2025 02:25:10.448 INFO [main] org.apache.catalina.startup.VersionLoggerListener.log OS Name:               Windows 11
08-Jun-2025 02:25:10.448 INFO [main] org.apache.catalina.startup.VersionLoggerListener.log OS Version:            10.0
08-Jun-2025 02:25:10.448 INFO [main] org.apache.catalina.startup.VersionLoggerListener.log Architecture:          amd64
08-Jun-2025 02:25:10.448 INFO [main] org.apache.catalina.startup.VersionLoggerListener.log Java Home:             C:\Program Files\Java\jdk-23
08-Jun-2025 02:25:10.449 INFO [main] org.apache.catalina.startup.VersionLoggerListener.log JVM Version:           23+37-2369
08-Jun-2025 02:25:10.449 INFO [main] org.apache.catalina.startup.VersionLoggerListener.log JVM Vendor:            Oracle Corporation
08-Jun-2025 02:25:10.449 INFO [main] org.apache.catalina.startup.VersionLoggerListener.log CATALINA_BASE:         C:\Users\yasir\Downloads\IMS-185 (2) (1)\ESportsBetting
08-Jun-2025 02:25:10.449 INFO [main] org.apache.catalina.startup.VersionLoggerListener.log CATALINA_HOME:         C:\apache-tomcat-10.1.41-windows-x64\apache-tomcat-10.1.41
08-Jun-2025 02:25:10.462 INFO [main] org.apache.catalina.startup.VersionLoggerListener.log Command line argument: --add-opens=java.base/java.lang=ALL-UNNAMED
08-Jun-2025 02:25:10.462 INFO [main] org.apache.catalina.startup.VersionLoggerListener.log Command line argument: --add-opens=java.base/java.io=ALL-UNNAMED
08-Jun-2025 02:25:10.462 INFO [main] org.apache.catalina.startup.VersionLoggerListener.log Command line argument: --add-opens=java.base/java.util=ALL-UNNAMED
08-Jun-2025 02:25:10.463 INFO [main] org.apache.catalina.startup.VersionLoggerListener.log Command line argument: --add-opens=java.base/java.util.concurrent=ALL-UNNAMED
08-Jun-2025 02:25:10.463 INFO [main] org.apache.catalina.startup.VersionLoggerListener.log Command line argument: --add-opens=java.rmi/sun.rmi.transport=ALL-UNNAMED
08-Jun-2025 02:25:10.463 INFO [main] org.apache.catalina.startup.VersionLoggerListener.log Command line argument: -Dcatalina.home=C:\apache-tomcat-10.1.41-windows-x64\apache-tomcat-10.1.41
08-Jun-2025 02:25:10.463 INFO [main] org.apache.catalina.startup.VersionLoggerListener.log Command line argument: -Dcatalina.base=C:\Users\yasir\Downloads\IMS-185 (2) (1)\ESportsBetting
08-Jun-2025 02:25:10.463 INFO [main] org.apache.catalina.startup.VersionLoggerListener.log Command line argument: -Djava.io.tmpdir=C:\Users\yasir\Downloads\IMS-185 (2) (1)\ESportsBetting\temp
08-Jun-2025 02:25:10.463 INFO [main] org.apache.catalina.startup.VersionLoggerListener.log Command line argument: -Djava.util.logging.config.file=C:\Users\yasir\Downloads\IMS-185 (2) (1)\ESportsBetting\conf\logging.properties
08-Jun-2025 02:25:10.463 INFO [main] org.apache.catalina.startup.VersionLoggerListener.log Command line argument: -Djava.util.logging.manager=org.apache.juli.ClassLoaderLogManager
08-Jun-2025 02:25:10.463 INFO [main] org.apache.catalina.startup.VersionLoggerListener.log Command line argument: -javaagent:C:\Program Files\JetBrains\IntelliJ IDEA Community Edition 2024.3.3\lib\idea_rt.jar=49877:C:\Program Files\JetBrains\IntelliJ IDEA Community Edition 2024.3.3\bin
08-Jun-2025 02:25:10.463 INFO [main] org.apache.catalina.startup.VersionLoggerListener.log Command line argument: -Dfile.encoding=UTF-8
08-Jun-2025 02:25:10.463 INFO [main] org.apache.catalina.startup.VersionLoggerListener.log Command line argument: -Dsun.stdout.encoding=UTF-8
08-Jun-2025 02:25:10.463 INFO [main] org.apache.catalina.startup.VersionLoggerListener.log Command line argument: -Dsun.stderr.encoding=UTF-8
08-Jun-2025 02:25:10.469 INFO [main] org.apache.catalina.core.AprLifecycleListener.lifecycleEvent Loaded Apache Tomcat Native library [2.0.8] using APR version [1.7.4].
08-Jun-2025 02:25:10.494 INFO [main] org.apache.catalina.core.AprLifecycleListener.initializeSSL OpenSSL successfully initialized [OpenSSL 3.0.14 4 Jun 2024]
08-Jun-2025 02:25:10.836 INFO [main] org.apache.coyote.AbstractProtocol.init Initializing ProtocolHandler ["http-nio-8080"]
08-Jun-2025 02:25:10.854 INFO [main] org.apache.catalina.startup.Catalina.load Server initialization in [648] milliseconds
08-Jun-2025 02:25:10.905 INFO [main] org.apache.catalina.core.StandardService.startInternal Starting service [Catalina]
08-Jun-2025 02:25:10.905 INFO [main] org.apache.catalina.core.StandardEngine.startInternal Starting Servlet engine: [Apache Tomcat/10.1.41]
08-Jun-2025 02:25:10.915 INFO [main] org.apache.catalina.startup.HostConfig.deployDescriptor Deploying deployment descriptor [C:\Users\yasir\Downloads\IMS-185 (2) (1)\ESportsBetting\conf\Catalina\localhost\ESportsBetting.xml]
08-Jun-2025 02:25:12.609 INFO [main] java.util.ArrayList.forEach Name = esportsDB Ignoring unknown property: value of "Database Connection" for "description" property
08-Jun-2025 02:25:12.707 INFO [main] org.apache.jasper.servlet.TldScanner.scanJars At least one JAR was scanned for TLDs yet contained no TLDs. Enable debug logging for this logger for a complete list of JARs that were scanned but no TLDs were found in them. Skipping unneeded JARs during scanning can improve startup time and JSP compilation time.
08-Jun-2025 02:25:12.752 INFO [main] lk.esports.betting.web.filter.AuthFilter.init AuthFilter initialized
08-Jun-2025 02:25:12.769 INFO [main] org.apache.catalina.startup.HostConfig.deployDescriptor Deployment of deployment descriptor [C:\Users\yasir\Downloads\IMS-185 (2) (1)\ESportsBetting\conf\Catalina\localhost\ESportsBetting.xml] has finished in [1,854] ms
08-Jun-2025 02:25:12.772 INFO [main] org.apache.coyote.AbstractProtocol.start Starting ProtocolHandler ["http-nio-8080"]
08-Jun-2025 02:25:12.791 INFO [main] org.apache.catalina.startup.Catalina.start Server startup in [1936] milliseconds
